<?xml version="1.0" encoding="utf-8"?><testsuites><testsuite name="pytest" errors="0" failures="0" skipped="0" tests="3" time="0.322" timestamp="2025-09-19T11:19:14.429036" hostname="chelbaev-PC"><testcase classname="examples_rclpy_minimal_publisher.topics.minimal_publisher.test.test_copyright" name="test_copyright" time="0.133" /><testcase classname="examples_rclpy_minimal_publisher.topics.minimal_publisher.test.test_flake8" name="test_flake8" time="0.064" /><testcase classname="examples_rclpy_minimal_publisher.topics.minimal_publisher.test.test_pep257" name="test_pep257" time="0.032" /></testsuite></testsuites>