<?xml version="1.0" encoding="utf-8"?><testsuites><testsuite name="pytest" errors="0" failures="0" skipped="0" tests="3" time="0.555" timestamp="2025-09-19T11:19:13.896770" hostname="chelbaev-PC"><testcase classname="examples_rclpy_minimal_action_server.actions.minimal_action_server.test.test_copyright" name="test_copyright" time="0.299" /><testcase classname="examples_rclpy_minimal_action_server.actions.minimal_action_server.test.test_flake8" name="test_flake8" time="0.123" /><testcase classname="examples_rclpy_minimal_action_server.actions.minimal_action_server.test.test_pep257" name="test_pep257" time="0.050" /></testsuite></testsuites>